<?xml version="1.0" encoding="UTF-8"?>
<!-- Generated by org.testng.reporters.JUnitReportReporter -->
<testsuite hostname="Nishants-MacBook-Pro-2.local" failures="0" tests="1" name="tests.BookAppointment" time="63.408" errors="0" timestamp="2022-07-02T12:46:12 IST" skipped="0">
  <testcase classname="tests.BookAppointment" name="createAndVerifyAppointment" time="63.408"/>
  <system-out/>
</testsuite> <!-- tests.BookAppointment -->
