<?xml version="1.0" encoding="UTF-8"?>
<!-- Generated by org.testng.reporters.JUnitReportReporter -->
<testsuite hostname="Nishants-MacBook-Pro-2.local" failures="0" tests="1" name="tests.AddEmpCalendar" time="85.669" errors="0" timestamp="2022-06-28T17:48:22 IST" skipped="0">
  <testcase classname="tests.AddEmpCalendar" name="EndToEnd" time="85.669"/>
  <system-out/>
</testsuite> <!-- tests.AddEmpCalendar -->
