<?xml version="1.0" encoding="UTF-8"?>
<!-- Generated by org.testng.reporters.JUnitReportReporter -->
<testsuite hostname="Nishants-MacBook-Pro-2.local" failures="0" tests="1" name="tests.BookAppointment" time="39.007" errors="0" timestamp="2022-07-04T17:16:36 IST" skipped="0">
  <testcase classname="tests.BookAppointment" name="createAndVerifyAppointment" time="39.007"/>
  <system-out/>
</testsuite> <!-- tests.BookAppointment -->
