<?xml version="1.0" encoding="UTF-8"?>
<!-- Generated by org.testng.reporters.JUnitReportReporter -->
<testsuite hostname="Nishants-MacBook-Pro-2.local" failures="0" tests="1" name="tests.BookAppointment3" time="44.674" errors="0" timestamp="2022-07-02T18:17:58 IST" skipped="0">
  <testcase classname="tests.BookAppointment3" name="createAndVerifyAppointment" time="44.674"/>
  <system-out/>
</testsuite> <!-- tests.BookAppointment3 -->
