<?xml version="1.0" encoding="UTF-8"?>
<!-- Generated by org.testng.reporters.JUnitReportReporter -->
<testsuite hostname="Nishants-MacBook-Pro-2.local" failures="0" tests="1" name="tests.BookAppointment2" time="39.132" errors="0" timestamp="2022-07-01T13:23:33 IST" skipped="0">
  <testcase classname="tests.BookAppointment2" name="createAndVerifyAppointment" time="39.132"/>
  <system-out/>
</testsuite> <!-- tests.BookAppointment2 -->
