<?xml version="1.0" encoding="UTF-8"?>
<!-- Generated by org.testng.reporters.JUnitReportReporter -->
<testsuite hostname="Nishants-MacBook-Pro-2.local" failures="0" tests="1" name="tests.AddEmpCalendar" time="71.272" errors="0" timestamp="2022-07-01T13:28:12 IST" skipped="0">
  <testcase classname="tests.AddEmpCalendar" name="EndToEnd" time="71.272"/>
  <system-out/>
</testsuite> <!-- tests.AddEmpCalendar -->
