<?xml version="1.0" encoding="UTF-8"?>
<!-- Generated by org.testng.reporters.JUnitReportReporter -->
<testsuite hostname="Nishants-MacBook-Pro-2.local" failures="0" tests="1" name="tests.Test" time="25.386" errors="0" timestamp="2022-06-24T22:26:44 IST" skipped="0">
  <testcase classname="tests.Test" name="login" time="25.386"/>
  <system-out/>
</testsuite> <!-- tests.Test -->
