<?xml version="1.0" encoding="UTF-8"?>
<!-- Generated by org.testng.reporters.JUnitReportReporter -->
<testsuite hostname="Nishants-MacBook-Pro-2.local" failures="0" tests="1" name="tests.quickTest" time="29.127" errors="0" timestamp="2022-06-28T17:35:57 IST" skipped="0">
  <testcase classname="tests.quickTest" name="createAndVerifyAppointment" time="29.127"/>
  <system-out/>
</testsuite> <!-- tests.quickTest -->
