<?xml version="1.0" encoding="UTF-8"?>
<!-- Generated by org.testng.reporters.JUnitReportReporter -->
<testsuite hostname="Nishants-MacBook-Pro-2.local" failures="0" tests="1" name="tests.BookAppointment" time="47.632" errors="0" timestamp="2022-06-28T20:55:30 IST" skipped="0">
  <testcase classname="tests.BookAppointment" name="createAndVerifyAppointment" time="47.632"/>
  <system-out/>
</testsuite> <!-- tests.BookAppointment -->
