<?xml version="1.0" encoding="UTF-8"?>
<!-- Generated by org.testng.reporters.JUnitReportReporter -->
<testsuite hostname="Nishants-MacBook-Pro-2.local" failures="0" tests="1" name="tests.quickTest2" time="32.934" errors="0" timestamp="2022-06-28T19:03:05 IST" skipped="0">
  <testcase classname="tests.quickTest2" name="test1" time="32.934"/>
  <system-out/>
</testsuite> <!-- tests.quickTest2 -->
