<?xml version="1.0" encoding="UTF-8"?>
<!-- Generated by org.testng.reporters.JUnitReportReporter -->
<testsuite hostname="Nishants-MacBook-Pro-2.local" failures="0" tests="1" name="tests.e2e" time="72.411" errors="0" timestamp="2022-06-28T12:26:15 IST" skipped="0">
  <testcase classname="tests.e2e" name="EndToEnd" time="72.411"/>
  <system-out/>
</testsuite> <!-- tests.e2e -->
