<?xml version="1.0" encoding="UTF-8"?>
<!-- Generated by org.testng.reporters.JUnitReportReporter -->
<testsuite hostname="Nishants-MacBook-Pro-2.local" failures="0" tests="1" name="tests.AddEmpCalendar" time="72.817" errors="0" timestamp="2022-06-29T14:45:50 IST" skipped="0">
  <testcase classname="tests.AddEmpCalendar" name="EndToEnd" time="72.817"/>
  <system-out/>
</testsuite> <!-- tests.AddEmpCalendar -->
