<?xml version="1.0" encoding="UTF-8"?>
<!-- Generated by org.testng.reporters.JUnitReportReporter -->
<testsuite hostname="Nishants-MacBook-Pro-2.local" failures="0" tests="1" name="tests.LoginAndCreateTeam" time="82.139" errors="0" timestamp="2022-06-28T11:03:20 IST" skipped="0">
  <testcase classname="tests.LoginAndCreateTeam" name="test1" time="82.139"/>
  <system-out/>
</testsuite> <!-- tests.LoginAndCreateTeam -->
